  Objcet.cpp
c:\program files (x86)\microsoft directx sdk (june 2010)\include\dxgitype.h(12): warning C4005: 'DXGI_STATUS_OCCLUDED': 매크로 재정의
  c:\program files (x86)\windows kits\10\include\10.0.14393.0\shared\winerror.h(52391): note: 'DXGI_STATUS_OCCLUDED'의 이전 정의를 참조하십시오.
c:\program files (x86)\microsoft directx sdk (june 2010)\include\dxgitype.h(13): warning C4005: 'DXGI_STATUS_CLIPPED': 매크로 재정의
  c:\program files (x86)\windows kits\10\include\10.0.14393.0\shared\winerror.h(52400): note: 'DXGI_STATUS_CLIPPED'의 이전 정의를 참조하십시오.
c:\program files (x86)\microsoft directx sdk (june 2010)\include\dxgitype.h(14): warning C4005: 'DXGI_STATUS_NO_REDIRECTION': 매크로 재정의
  c:\program files (x86)\windows kits\10\include\10.0.14393.0\shared\winerror.h(52409): note: 'DXGI_STATUS_NO_REDIRECTION'의 이전 정의를 참조하십시오.
c:\program files (x86)\microsoft directx sdk (june 2010)\include\dxgitype.h(15): warning C4005: 'DXGI_STATUS_NO_DESKTOP_ACCESS': 매크로 재정의
  c:\program files (x86)\windows kits\10\include\10.0.14393.0\shared\winerror.h(52418): note: 'DXGI_STATUS_NO_DESKTOP_ACCESS'의 이전 정의를 참조하십시오.
c:\program files (x86)\microsoft directx sdk (june 2010)\include\dxgitype.h(16): warning C4005: 'DXGI_STATUS_GRAPHICS_VIDPN_SOURCE_IN_USE': 매크로 재정의
  c:\program files (x86)\windows kits\10\include\10.0.14393.0\shared\winerror.h(52427): note: 'DXGI_STATUS_GRAPHICS_VIDPN_SOURCE_IN_USE'의 이전 정의를 참조하십시오.
c:\program files (x86)\microsoft directx sdk (june 2010)\include\dxgitype.h(17): warning C4005: 'DXGI_STATUS_MODE_CHANGED': 매크로 재정의
  c:\program files (x86)\windows kits\10\include\10.0.14393.0\shared\winerror.h(52436): note: 'DXGI_STATUS_MODE_CHANGED'의 이전 정의를 참조하십시오.
c:\program files (x86)\microsoft directx sdk (june 2010)\include\dxgitype.h(18): warning C4005: 'DXGI_STATUS_MODE_CHANGE_IN_PROGRESS': 매크로 재정의
  c:\program files (x86)\windows kits\10\include\10.0.14393.0\shared\winerror.h(52445): note: 'DXGI_STATUS_MODE_CHANGE_IN_PROGRESS'의 이전 정의를 참조하십시오.
c:\program files (x86)\microsoft directx sdk (june 2010)\include\dxgitype.h(21): warning C4005: 'DXGI_ERROR_INVALID_CALL': 매크로 재정의
  c:\program files (x86)\windows kits\10\include\10.0.14393.0\shared\winerror.h(52460): note: 'DXGI_ERROR_INVALID_CALL'의 이전 정의를 참조하십시오.
c:\program files (x86)\microsoft directx sdk (june 2010)\include\dxgitype.h(22): warning C4005: 'DXGI_ERROR_NOT_FOUND': 매크로 재정의
  c:\program files (x86)\windows kits\10\include\10.0.14393.0\shared\winerror.h(52469): note: 'DXGI_ERROR_NOT_FOUND'의 이전 정의를 참조하십시오.
c:\program files (x86)\microsoft directx sdk (june 2010)\include\dxgitype.h(23): warning C4005: 'DXGI_ERROR_MORE_DATA': 매크로 재정의
  c:\program files (x86)\windows kits\10\include\10.0.14393.0\shared\winerror.h(52478): note: 'DXGI_ERROR_MORE_DATA'의 이전 정의를 참조하십시오.
c:\program files (x86)\microsoft directx sdk (june 2010)\include\dxgitype.h(24): warning C4005: 'DXGI_ERROR_UNSUPPORTED': 매크로 재정의
  c:\program files (x86)\windows kits\10\include\10.0.14393.0\shared\winerror.h(52487): note: 'DXGI_ERROR_UNSUPPORTED'의 이전 정의를 참조하십시오.
c:\program files (x86)\microsoft directx sdk (june 2010)\include\dxgitype.h(25): warning C4005: 'DXGI_ERROR_DEVICE_REMOVED': 매크로 재정의
  c:\program files (x86)\windows kits\10\include\10.0.14393.0\shared\winerror.h(52496): note: 'DXGI_ERROR_DEVICE_REMOVED'의 이전 정의를 참조하십시오.
c:\program files (x86)\microsoft directx sdk (june 2010)\include\dxgitype.h(26): warning C4005: 'DXGI_ERROR_DEVICE_HUNG': 매크로 재정의
  c:\program files (x86)\windows kits\10\include\10.0.14393.0\shared\winerror.h(52505): note: 'DXGI_ERROR_DEVICE_HUNG'의 이전 정의를 참조하십시오.
c:\program files (x86)\microsoft directx sdk (june 2010)\include\dxgitype.h(27): warning C4005: 'DXGI_ERROR_DEVICE_RESET': 매크로 재정의
  c:\program files (x86)\windows kits\10\include\10.0.14393.0\shared\winerror.h(52515): note: 'DXGI_ERROR_DEVICE_RESET'의 이전 정의를 참조하십시오.
c:\program files (x86)\microsoft directx sdk (june 2010)\include\dxgitype.h(28): warning C4005: 'DXGI_ERROR_WAS_STILL_DRAWING': 매크로 재정의
  c:\program files (x86)\windows kits\10\include\10.0.14393.0\shared\winerror.h(52524): note: 'DXGI_ERROR_WAS_STILL_DRAWING'의 이전 정의를 참조하십시오.
c:\program files (x86)\microsoft directx sdk (june 2010)\include\dxgitype.h(29): warning C4005: 'DXGI_ERROR_FRAME_STATISTICS_DISJOINT': 매크로 재정의
  c:\program files (x86)\windows kits\10\include\10.0.14393.0\shared\winerror.h(52534): note: 'DXGI_ERROR_FRAME_STATISTICS_DISJOINT'의 이전 정의를 참조하십시오.
c:\program files (x86)\microsoft directx sdk (june 2010)\include\dxgitype.h(30): warning C4005: 'DXGI_ERROR_GRAPHICS_VIDPN_SOURCE_IN_USE': 매크로 재정의
  c:\program files (x86)\windows kits\10\include\10.0.14393.0\shared\winerror.h(52543): note: 'DXGI_ERROR_GRAPHICS_VIDPN_SOURCE_IN_USE'의 이전 정의를 참조하십시오.
c:\program files (x86)\microsoft directx sdk (june 2010)\include\dxgitype.h(31): warning C4005: 'DXGI_ERROR_DRIVER_INTERNAL_ERROR': 매크로 재정의
  c:\program files (x86)\windows kits\10\include\10.0.14393.0\shared\winerror.h(52553): note: 'DXGI_ERROR_DRIVER_INTERNAL_ERROR'의 이전 정의를 참조하십시오.
c:\program files (x86)\microsoft directx sdk (june 2010)\include\dxgitype.h(32): warning C4005: 'DXGI_ERROR_NONEXCLUSIVE': 매크로 재정의
  c:\program files (x86)\windows kits\10\include\10.0.14393.0\shared\winerror.h(52562): note: 'DXGI_ERROR_NONEXCLUSIVE'의 이전 정의를 참조하십시오.
c:\program files (x86)\microsoft directx sdk (june 2010)\include\dxgitype.h(33): warning C4005: 'DXGI_ERROR_NOT_CURRENTLY_AVAILABLE': 매크로 재정의
  c:\program files (x86)\windows kits\10\include\10.0.14393.0\shared\winerror.h(52571): note: 'DXGI_ERROR_NOT_CURRENTLY_AVAILABLE'의 이전 정의를 참조하십시오.
c:\program files (x86)\microsoft directx sdk (june 2010)\include\dxgitype.h(34): warning C4005: 'DXGI_ERROR_REMOTE_CLIENT_DISCONNECTED': 매크로 재정의
  c:\program files (x86)\windows kits\10\include\10.0.14393.0\shared\winerror.h(52581): note: 'DXGI_ERROR_REMOTE_CLIENT_DISCONNECTED'의 이전 정의를 참조하십시오.
c:\program files (x86)\microsoft directx sdk (june 2010)\include\dxgitype.h(35): warning C4005: 'DXGI_ERROR_REMOTE_OUTOFMEMORY': 매크로 재정의
  c:\program files (x86)\windows kits\10\include\10.0.14393.0\shared\winerror.h(52590): note: 'DXGI_ERROR_REMOTE_OUTOFMEMORY'의 이전 정의를 참조하십시오.
c:\program files (x86)\microsoft directx sdk (june 2010)\include\d3d11.h(917): warning C4005: 'D3D11_ERROR_TOO_MANY_UNIQUE_STATE_OBJECTS': 매크로 재정의
  c:\program files (x86)\windows kits\10\include\10.0.14393.0\shared\winerror.h(52795): note: 'D3D11_ERROR_TOO_MANY_UNIQUE_STATE_OBJECTS'의 이전 정의를 참조하십시오.
c:\program files (x86)\microsoft directx sdk (june 2010)\include\d3d11.h(918): warning C4005: 'D3D11_ERROR_FILE_NOT_FOUND': 매크로 재정의
  c:\program files (x86)\windows kits\10\include\10.0.14393.0\shared\winerror.h(52804): note: 'D3D11_ERROR_FILE_NOT_FOUND'의 이전 정의를 참조하십시오.
c:\program files (x86)\microsoft directx sdk (june 2010)\include\d3d11.h(919): warning C4005: 'D3D11_ERROR_TOO_MANY_UNIQUE_VIEW_OBJECTS': 매크로 재정의
  c:\program files (x86)\windows kits\10\include\10.0.14393.0\shared\winerror.h(52814): note: 'D3D11_ERROR_TOO_MANY_UNIQUE_VIEW_OBJECTS'의 이전 정의를 참조하십시오.
c:\program files (x86)\microsoft directx sdk (june 2010)\include\d3d11.h(920): warning C4005: 'D3D11_ERROR_DEFERRED_CONTEXT_MAP_WITHOUT_INITIAL_DISCARD': 매크로 재정의
  c:\program files (x86)\windows kits\10\include\10.0.14393.0\shared\winerror.h(52823): note: 'D3D11_ERROR_DEFERRED_CONTEXT_MAP_WITHOUT_INITIAL_DISCARD'의 이전 정의를 참조하십시오.
c:\program files (x86)\microsoft directx sdk (june 2010)\include\d3d10.h(608): warning C4005: 'D3D10_ERROR_TOO_MANY_UNIQUE_STATE_OBJECTS': 매크로 재정의
  c:\program files (x86)\windows kits\10\include\10.0.14393.0\shared\winerror.h(52771): note: 'D3D10_ERROR_TOO_MANY_UNIQUE_STATE_OBJECTS'의 이전 정의를 참조하십시오.
c:\program files (x86)\microsoft directx sdk (june 2010)\include\d3d10.h(609): warning C4005: 'D3D10_ERROR_FILE_NOT_FOUND': 매크로 재정의
  c:\program files (x86)\windows kits\10\include\10.0.14393.0\shared\winerror.h(52780): note: 'D3D10_ERROR_FILE_NOT_FOUND'의 이전 정의를 참조하십시오.
  Framework.cpp
c:\program files (x86)\microsoft directx sdk (june 2010)\include\dxgitype.h(12): warning C4005: 'DXGI_STATUS_OCCLUDED': 매크로 재정의
  c:\program files (x86)\windows kits\10\include\10.0.14393.0\shared\winerror.h(52391): note: 'DXGI_STATUS_OCCLUDED'의 이전 정의를 참조하십시오.
c:\program files (x86)\microsoft directx sdk (june 2010)\include\dxgitype.h(13): warning C4005: 'DXGI_STATUS_CLIPPED': 매크로 재정의
  c:\program files (x86)\windows kits\10\include\10.0.14393.0\shared\winerror.h(52400): note: 'DXGI_STATUS_CLIPPED'의 이전 정의를 참조하십시오.
c:\program files (x86)\microsoft directx sdk (june 2010)\include\dxgitype.h(14): warning C4005: 'DXGI_STATUS_NO_REDIRECTION': 매크로 재정의
  c:\program files (x86)\windows kits\10\include\10.0.14393.0\shared\winerror.h(52409): note: 'DXGI_STATUS_NO_REDIRECTION'의 이전 정의를 참조하십시오.
c:\program files (x86)\microsoft directx sdk (june 2010)\include\dxgitype.h(15): warning C4005: 'DXGI_STATUS_NO_DESKTOP_ACCESS': 매크로 재정의
  c:\program files (x86)\windows kits\10\include\10.0.14393.0\shared\winerror.h(52418): note: 'DXGI_STATUS_NO_DESKTOP_ACCESS'의 이전 정의를 참조하십시오.
c:\program files (x86)\microsoft directx sdk (june 2010)\include\dxgitype.h(16): warning C4005: 'DXGI_STATUS_GRAPHICS_VIDPN_SOURCE_IN_USE': 매크로 재정의
  c:\program files (x86)\windows kits\10\include\10.0.14393.0\shared\winerror.h(52427): note: 'DXGI_STATUS_GRAPHICS_VIDPN_SOURCE_IN_USE'의 이전 정의를 참조하십시오.
c:\program files (x86)\microsoft directx sdk (june 2010)\include\dxgitype.h(17): warning C4005: 'DXGI_STATUS_MODE_CHANGED': 매크로 재정의
  c:\program files (x86)\windows kits\10\include\10.0.14393.0\shared\winerror.h(52436): note: 'DXGI_STATUS_MODE_CHANGED'의 이전 정의를 참조하십시오.
c:\program files (x86)\microsoft directx sdk (june 2010)\include\dxgitype.h(18): warning C4005: 'DXGI_STATUS_MODE_CHANGE_IN_PROGRESS': 매크로 재정의
  c:\program files (x86)\windows kits\10\include\10.0.14393.0\shared\winerror.h(52445): note: 'DXGI_STATUS_MODE_CHANGE_IN_PROGRESS'의 이전 정의를 참조하십시오.
c:\program files (x86)\microsoft directx sdk (june 2010)\include\dxgitype.h(21): warning C4005: 'DXGI_ERROR_INVALID_CALL': 매크로 재정의
  c:\program files (x86)\windows kits\10\include\10.0.14393.0\shared\winerror.h(52460): note: 'DXGI_ERROR_INVALID_CALL'의 이전 정의를 참조하십시오.
c:\program files (x86)\microsoft directx sdk (june 2010)\include\dxgitype.h(22): warning C4005: 'DXGI_ERROR_NOT_FOUND': 매크로 재정의
  c:\program files (x86)\windows kits\10\include\10.0.14393.0\shared\winerror.h(52469): note: 'DXGI_ERROR_NOT_FOUND'의 이전 정의를 참조하십시오.
c:\program files (x86)\microsoft directx sdk (june 2010)\include\dxgitype.h(23): warning C4005: 'DXGI_ERROR_MORE_DATA': 매크로 재정의
  c:\program files (x86)\windows kits\10\include\10.0.14393.0\shared\winerror.h(52478): note: 'DXGI_ERROR_MORE_DATA'의 이전 정의를 참조하십시오.
c:\program files (x86)\microsoft directx sdk (june 2010)\include\dxgitype.h(24): warning C4005: 'DXGI_ERROR_UNSUPPORTED': 매크로 재정의
  c:\program files (x86)\windows kits\10\include\10.0.14393.0\shared\winerror.h(52487): note: 'DXGI_ERROR_UNSUPPORTED'의 이전 정의를 참조하십시오.
c:\program files (x86)\microsoft directx sdk (june 2010)\include\dxgitype.h(25): warning C4005: 'DXGI_ERROR_DEVICE_REMOVED': 매크로 재정의
  c:\program files (x86)\windows kits\10\include\10.0.14393.0\shared\winerror.h(52496): note: 'DXGI_ERROR_DEVICE_REMOVED'의 이전 정의를 참조하십시오.
c:\program files (x86)\microsoft directx sdk (june 2010)\include\dxgitype.h(26): warning C4005: 'DXGI_ERROR_DEVICE_HUNG': 매크로 재정의
  c:\program files (x86)\windows kits\10\include\10.0.14393.0\shared\winerror.h(52505): note: 'DXGI_ERROR_DEVICE_HUNG'의 이전 정의를 참조하십시오.
c:\program files (x86)\microsoft directx sdk (june 2010)\include\dxgitype.h(27): warning C4005: 'DXGI_ERROR_DEVICE_RESET': 매크로 재정의
  c:\program files (x86)\windows kits\10\include\10.0.14393.0\shared\winerror.h(52515): note: 'DXGI_ERROR_DEVICE_RESET'의 이전 정의를 참조하십시오.
c:\program files (x86)\microsoft directx sdk (june 2010)\include\dxgitype.h(28): warning C4005: 'DXGI_ERROR_WAS_STILL_DRAWING': 매크로 재정의
  c:\program files (x86)\windows kits\10\include\10.0.14393.0\shared\winerror.h(52524): note: 'DXGI_ERROR_WAS_STILL_DRAWING'의 이전 정의를 참조하십시오.
c:\program files (x86)\microsoft directx sdk (june 2010)\include\dxgitype.h(29): warning C4005: 'DXGI_ERROR_FRAME_STATISTICS_DISJOINT': 매크로 재정의
  c:\program files (x86)\windows kits\10\include\10.0.14393.0\shared\winerror.h(52534): note: 'DXGI_ERROR_FRAME_STATISTICS_DISJOINT'의 이전 정의를 참조하십시오.
c:\program files (x86)\microsoft directx sdk (june 2010)\include\dxgitype.h(30): warning C4005: 'DXGI_ERROR_GRAPHICS_VIDPN_SOURCE_IN_USE': 매크로 재정의
  c:\program files (x86)\windows kits\10\include\10.0.14393.0\shared\winerror.h(52543): note: 'DXGI_ERROR_GRAPHICS_VIDPN_SOURCE_IN_USE'의 이전 정의를 참조하십시오.
c:\program files (x86)\microsoft directx sdk (june 2010)\include\dxgitype.h(31): warning C4005: 'DXGI_ERROR_DRIVER_INTERNAL_ERROR': 매크로 재정의
  c:\program files (x86)\windows kits\10\include\10.0.14393.0\shared\winerror.h(52553): note: 'DXGI_ERROR_DRIVER_INTERNAL_ERROR'의 이전 정의를 참조하십시오.
c:\program files (x86)\microsoft directx sdk (june 2010)\include\dxgitype.h(32): warning C4005: 'DXGI_ERROR_NONEXCLUSIVE': 매크로 재정의
  c:\program files (x86)\windows kits\10\include\10.0.14393.0\shared\winerror.h(52562): note: 'DXGI_ERROR_NONEXCLUSIVE'의 이전 정의를 참조하십시오.
c:\program files (x86)\microsoft directx sdk (june 2010)\include\dxgitype.h(33): warning C4005: 'DXGI_ERROR_NOT_CURRENTLY_AVAILABLE': 매크로 재정의
  c:\program files (x86)\windows kits\10\include\10.0.14393.0\shared\winerror.h(52571): note: 'DXGI_ERROR_NOT_CURRENTLY_AVAILABLE'의 이전 정의를 참조하십시오.
c:\program files (x86)\microsoft directx sdk (june 2010)\include\dxgitype.h(34): warning C4005: 'DXGI_ERROR_REMOTE_CLIENT_DISCONNECTED': 매크로 재정의
  c:\program files (x86)\windows kits\10\include\10.0.14393.0\shared\winerror.h(52581): note: 'DXGI_ERROR_REMOTE_CLIENT_DISCONNECTED'의 이전 정의를 참조하십시오.
c:\program files (x86)\microsoft directx sdk (june 2010)\include\dxgitype.h(35): warning C4005: 'DXGI_ERROR_REMOTE_OUTOFMEMORY': 매크로 재정의
  c:\program files (x86)\windows kits\10\include\10.0.14393.0\shared\winerror.h(52590): note: 'DXGI_ERROR_REMOTE_OUTOFMEMORY'의 이전 정의를 참조하십시오.
c:\program files (x86)\microsoft directx sdk (june 2010)\include\d3d11.h(917): warning C4005: 'D3D11_ERROR_TOO_MANY_UNIQUE_STATE_OBJECTS': 매크로 재정의
  c:\program files (x86)\windows kits\10\include\10.0.14393.0\shared\winerror.h(52795): note: 'D3D11_ERROR_TOO_MANY_UNIQUE_STATE_OBJECTS'의 이전 정의를 참조하십시오.
c:\program files (x86)\microsoft directx sdk (june 2010)\include\d3d11.h(918): warning C4005: 'D3D11_ERROR_FILE_NOT_FOUND': 매크로 재정의
  c:\program files (x86)\windows kits\10\include\10.0.14393.0\shared\winerror.h(52804): note: 'D3D11_ERROR_FILE_NOT_FOUND'의 이전 정의를 참조하십시오.
c:\program files (x86)\microsoft directx sdk (june 2010)\include\d3d11.h(919): warning C4005: 'D3D11_ERROR_TOO_MANY_UNIQUE_VIEW_OBJECTS': 매크로 재정의
  c:\program files (x86)\windows kits\10\include\10.0.14393.0\shared\winerror.h(52814): note: 'D3D11_ERROR_TOO_MANY_UNIQUE_VIEW_OBJECTS'의 이전 정의를 참조하십시오.
c:\program files (x86)\microsoft directx sdk (june 2010)\include\d3d11.h(920): warning C4005: 'D3D11_ERROR_DEFERRED_CONTEXT_MAP_WITHOUT_INITIAL_DISCARD': 매크로 재정의
  c:\program files (x86)\windows kits\10\include\10.0.14393.0\shared\winerror.h(52823): note: 'D3D11_ERROR_DEFERRED_CONTEXT_MAP_WITHOUT_INITIAL_DISCARD'의 이전 정의를 참조하십시오.
c:\program files (x86)\microsoft directx sdk (june 2010)\include\d3d10.h(608): warning C4005: 'D3D10_ERROR_TOO_MANY_UNIQUE_STATE_OBJECTS': 매크로 재정의
  c:\program files (x86)\windows kits\10\include\10.0.14393.0\shared\winerror.h(52771): note: 'D3D10_ERROR_TOO_MANY_UNIQUE_STATE_OBJECTS'의 이전 정의를 참조하십시오.
c:\program files (x86)\microsoft directx sdk (june 2010)\include\d3d10.h(609): warning C4005: 'D3D10_ERROR_FILE_NOT_FOUND': 매크로 재정의
  c:\program files (x86)\windows kits\10\include\10.0.14393.0\shared\winerror.h(52780): note: 'D3D10_ERROR_FILE_NOT_FOUND'의 이전 정의를 참조하십시오.
d:\programing\visualstudioprojects\directxproject\directxproject\framework.cpp(243): warning C4244: 'return': 'LRESULT'에서 'HRESULT'(으)로 변환하면서 데이터가 손실될 수 있습니다.
d:\programing\visualstudioprojects\directxproject\directxproject\framework.cpp(245): warning C4065: switch문에 'default'가 있으나 'case' 레이블이 없습니다.
d:\programing\visualstudioprojects\directxproject\directxproject\framework.cpp(316): warning C4244: '인수': 'double'에서 'float'(으)로 변환하면서 데이터가 손실될 수 있습니다.
d:\programing\visualstudioprojects\directxproject\directxproject\framework.cpp(328): warning C4244: '인수': 'double'에서 'int'(으)로 변환하면서 데이터가 손실될 수 있습니다.
  코드를 생성하고 있습니다...
  컴파일하고 있습니다...
  stdafx.cpp
c:\program files (x86)\microsoft directx sdk (june 2010)\include\dxgitype.h(12): warning C4005: 'DXGI_STATUS_OCCLUDED': 매크로 재정의
  c:\program files (x86)\windows kits\10\include\10.0.14393.0\shared\winerror.h(52391): note: 'DXGI_STATUS_OCCLUDED'의 이전 정의를 참조하십시오.
c:\program files (x86)\microsoft directx sdk (june 2010)\include\dxgitype.h(13): warning C4005: 'DXGI_STATUS_CLIPPED': 매크로 재정의
  c:\program files (x86)\windows kits\10\include\10.0.14393.0\shared\winerror.h(52400): note: 'DXGI_STATUS_CLIPPED'의 이전 정의를 참조하십시오.
c:\program files (x86)\microsoft directx sdk (june 2010)\include\dxgitype.h(14): warning C4005: 'DXGI_STATUS_NO_REDIRECTION': 매크로 재정의
  c:\program files (x86)\windows kits\10\include\10.0.14393.0\shared\winerror.h(52409): note: 'DXGI_STATUS_NO_REDIRECTION'의 이전 정의를 참조하십시오.
c:\program files (x86)\microsoft directx sdk (june 2010)\include\dxgitype.h(15): warning C4005: 'DXGI_STATUS_NO_DESKTOP_ACCESS': 매크로 재정의
  c:\program files (x86)\windows kits\10\include\10.0.14393.0\shared\winerror.h(52418): note: 'DXGI_STATUS_NO_DESKTOP_ACCESS'의 이전 정의를 참조하십시오.
c:\program files (x86)\microsoft directx sdk (june 2010)\include\dxgitype.h(16): warning C4005: 'DXGI_STATUS_GRAPHICS_VIDPN_SOURCE_IN_USE': 매크로 재정의
  c:\program files (x86)\windows kits\10\include\10.0.14393.0\shared\winerror.h(52427): note: 'DXGI_STATUS_GRAPHICS_VIDPN_SOURCE_IN_USE'의 이전 정의를 참조하십시오.
c:\program files (x86)\microsoft directx sdk (june 2010)\include\dxgitype.h(17): warning C4005: 'DXGI_STATUS_MODE_CHANGED': 매크로 재정의
  c:\program files (x86)\windows kits\10\include\10.0.14393.0\shared\winerror.h(52436): note: 'DXGI_STATUS_MODE_CHANGED'의 이전 정의를 참조하십시오.
c:\program files (x86)\microsoft directx sdk (june 2010)\include\dxgitype.h(18): warning C4005: 'DXGI_STATUS_MODE_CHANGE_IN_PROGRESS': 매크로 재정의
  c:\program files (x86)\windows kits\10\include\10.0.14393.0\shared\winerror.h(52445): note: 'DXGI_STATUS_MODE_CHANGE_IN_PROGRESS'의 이전 정의를 참조하십시오.
c:\program files (x86)\microsoft directx sdk (june 2010)\include\dxgitype.h(21): warning C4005: 'DXGI_ERROR_INVALID_CALL': 매크로 재정의
  c:\program files (x86)\windows kits\10\include\10.0.14393.0\shared\winerror.h(52460): note: 'DXGI_ERROR_INVALID_CALL'의 이전 정의를 참조하십시오.
c:\program files (x86)\microsoft directx sdk (june 2010)\include\dxgitype.h(22): warning C4005: 'DXGI_ERROR_NOT_FOUND': 매크로 재정의
  c:\program files (x86)\windows kits\10\include\10.0.14393.0\shared\winerror.h(52469): note: 'DXGI_ERROR_NOT_FOUND'의 이전 정의를 참조하십시오.
c:\program files (x86)\microsoft directx sdk (june 2010)\include\dxgitype.h(23): warning C4005: 'DXGI_ERROR_MORE_DATA': 매크로 재정의
  c:\program files (x86)\windows kits\10\include\10.0.14393.0\shared\winerror.h(52478): note: 'DXGI_ERROR_MORE_DATA'의 이전 정의를 참조하십시오.
c:\program files (x86)\microsoft directx sdk (june 2010)\include\dxgitype.h(24): warning C4005: 'DXGI_ERROR_UNSUPPORTED': 매크로 재정의
  c:\program files (x86)\windows kits\10\include\10.0.14393.0\shared\winerror.h(52487): note: 'DXGI_ERROR_UNSUPPORTED'의 이전 정의를 참조하십시오.
c:\program files (x86)\microsoft directx sdk (june 2010)\include\dxgitype.h(25): warning C4005: 'DXGI_ERROR_DEVICE_REMOVED': 매크로 재정의
  c:\program files (x86)\windows kits\10\include\10.0.14393.0\shared\winerror.h(52496): note: 'DXGI_ERROR_DEVICE_REMOVED'의 이전 정의를 참조하십시오.
c:\program files (x86)\microsoft directx sdk (june 2010)\include\dxgitype.h(26): warning C4005: 'DXGI_ERROR_DEVICE_HUNG': 매크로 재정의
  c:\program files (x86)\windows kits\10\include\10.0.14393.0\shared\winerror.h(52505): note: 'DXGI_ERROR_DEVICE_HUNG'의 이전 정의를 참조하십시오.
c:\program files (x86)\microsoft directx sdk (june 2010)\include\dxgitype.h(27): warning C4005: 'DXGI_ERROR_DEVICE_RESET': 매크로 재정의
  c:\program files (x86)\windows kits\10\include\10.0.14393.0\shared\winerror.h(52515): note: 'DXGI_ERROR_DEVICE_RESET'의 이전 정의를 참조하십시오.
c:\program files (x86)\microsoft directx sdk (june 2010)\include\dxgitype.h(28): warning C4005: 'DXGI_ERROR_WAS_STILL_DRAWING': 매크로 재정의
  c:\program files (x86)\windows kits\10\include\10.0.14393.0\shared\winerror.h(52524): note: 'DXGI_ERROR_WAS_STILL_DRAWING'의 이전 정의를 참조하십시오.
c:\program files (x86)\microsoft directx sdk (june 2010)\include\dxgitype.h(29): warning C4005: 'DXGI_ERROR_FRAME_STATISTICS_DISJOINT': 매크로 재정의
  c:\program files (x86)\windows kits\10\include\10.0.14393.0\shared\winerror.h(52534): note: 'DXGI_ERROR_FRAME_STATISTICS_DISJOINT'의 이전 정의를 참조하십시오.
c:\program files (x86)\microsoft directx sdk (june 2010)\include\dxgitype.h(30): warning C4005: 'DXGI_ERROR_GRAPHICS_VIDPN_SOURCE_IN_USE': 매크로 재정의
  c:\program files (x86)\windows kits\10\include\10.0.14393.0\shared\winerror.h(52543): note: 'DXGI_ERROR_GRAPHICS_VIDPN_SOURCE_IN_USE'의 이전 정의를 참조하십시오.
c:\program files (x86)\microsoft directx sdk (june 2010)\include\dxgitype.h(31): warning C4005: 'DXGI_ERROR_DRIVER_INTERNAL_ERROR': 매크로 재정의
  c:\program files (x86)\windows kits\10\include\10.0.14393.0\shared\winerror.h(52553): note: 'DXGI_ERROR_DRIVER_INTERNAL_ERROR'의 이전 정의를 참조하십시오.
c:\program files (x86)\microsoft directx sdk (june 2010)\include\dxgitype.h(32): warning C4005: 'DXGI_ERROR_NONEXCLUSIVE': 매크로 재정의
  c:\program files (x86)\windows kits\10\include\10.0.14393.0\shared\winerror.h(52562): note: 'DXGI_ERROR_NONEXCLUSIVE'의 이전 정의를 참조하십시오.
c:\program files (x86)\microsoft directx sdk (june 2010)\include\dxgitype.h(33): warning C4005: 'DXGI_ERROR_NOT_CURRENTLY_AVAILABLE': 매크로 재정의
  c:\program files (x86)\windows kits\10\include\10.0.14393.0\shared\winerror.h(52571): note: 'DXGI_ERROR_NOT_CURRENTLY_AVAILABLE'의 이전 정의를 참조하십시오.
c:\program files (x86)\microsoft directx sdk (june 2010)\include\dxgitype.h(34): warning C4005: 'DXGI_ERROR_REMOTE_CLIENT_DISCONNECTED': 매크로 재정의
  c:\program files (x86)\windows kits\10\include\10.0.14393.0\shared\winerror.h(52581): note: 'DXGI_ERROR_REMOTE_CLIENT_DISCONNECTED'의 이전 정의를 참조하십시오.
c:\program files (x86)\microsoft directx sdk (june 2010)\include\dxgitype.h(35): warning C4005: 'DXGI_ERROR_REMOTE_OUTOFMEMORY': 매크로 재정의
  c:\program files (x86)\windows kits\10\include\10.0.14393.0\shared\winerror.h(52590): note: 'DXGI_ERROR_REMOTE_OUTOFMEMORY'의 이전 정의를 참조하십시오.
c:\program files (x86)\microsoft directx sdk (june 2010)\include\d3d11.h(917): warning C4005: 'D3D11_ERROR_TOO_MANY_UNIQUE_STATE_OBJECTS': 매크로 재정의
  c:\program files (x86)\windows kits\10\include\10.0.14393.0\shared\winerror.h(52795): note: 'D3D11_ERROR_TOO_MANY_UNIQUE_STATE_OBJECTS'의 이전 정의를 참조하십시오.
c:\program files (x86)\microsoft directx sdk (june 2010)\include\d3d11.h(918): warning C4005: 'D3D11_ERROR_FILE_NOT_FOUND': 매크로 재정의
  c:\program files (x86)\windows kits\10\include\10.0.14393.0\shared\winerror.h(52804): note: 'D3D11_ERROR_FILE_NOT_FOUND'의 이전 정의를 참조하십시오.
c:\program files (x86)\microsoft directx sdk (june 2010)\include\d3d11.h(919): warning C4005: 'D3D11_ERROR_TOO_MANY_UNIQUE_VIEW_OBJECTS': 매크로 재정의
  c:\program files (x86)\windows kits\10\include\10.0.14393.0\shared\winerror.h(52814): note: 'D3D11_ERROR_TOO_MANY_UNIQUE_VIEW_OBJECTS'의 이전 정의를 참조하십시오.
c:\program files (x86)\microsoft directx sdk (june 2010)\include\d3d11.h(920): warning C4005: 'D3D11_ERROR_DEFERRED_CONTEXT_MAP_WITHOUT_INITIAL_DISCARD': 매크로 재정의
  c:\program files (x86)\windows kits\10\include\10.0.14393.0\shared\winerror.h(52823): note: 'D3D11_ERROR_DEFERRED_CONTEXT_MAP_WITHOUT_INITIAL_DISCARD'의 이전 정의를 참조하십시오.
c:\program files (x86)\microsoft directx sdk (june 2010)\include\d3d10.h(608): warning C4005: 'D3D10_ERROR_TOO_MANY_UNIQUE_STATE_OBJECTS': 매크로 재정의
  c:\program files (x86)\windows kits\10\include\10.0.14393.0\shared\winerror.h(52771): note: 'D3D10_ERROR_TOO_MANY_UNIQUE_STATE_OBJECTS'의 이전 정의를 참조하십시오.
c:\program files (x86)\microsoft directx sdk (june 2010)\include\d3d10.h(609): warning C4005: 'D3D10_ERROR_FILE_NOT_FOUND': 매크로 재정의
  c:\program files (x86)\windows kits\10\include\10.0.14393.0\shared\winerror.h(52780): note: 'D3D10_ERROR_FILE_NOT_FOUND'의 이전 정의를 참조하십시오.
  SoundManager.cpp
c:\program files (x86)\microsoft directx sdk (june 2010)\include\dxgitype.h(12): warning C4005: 'DXGI_STATUS_OCCLUDED': 매크로 재정의
  c:\program files (x86)\windows kits\10\include\10.0.14393.0\shared\winerror.h(52391): note: 'DXGI_STATUS_OCCLUDED'의 이전 정의를 참조하십시오.
c:\program files (x86)\microsoft directx sdk (june 2010)\include\dxgitype.h(13): warning C4005: 'DXGI_STATUS_CLIPPED': 매크로 재정의
  c:\program files (x86)\windows kits\10\include\10.0.14393.0\shared\winerror.h(52400): note: 'DXGI_STATUS_CLIPPED'의 이전 정의를 참조하십시오.
c:\program files (x86)\microsoft directx sdk (june 2010)\include\dxgitype.h(14): warning C4005: 'DXGI_STATUS_NO_REDIRECTION': 매크로 재정의
  c:\program files (x86)\windows kits\10\include\10.0.14393.0\shared\winerror.h(52409): note: 'DXGI_STATUS_NO_REDIRECTION'의 이전 정의를 참조하십시오.
c:\program files (x86)\microsoft directx sdk (june 2010)\include\dxgitype.h(15): warning C4005: 'DXGI_STATUS_NO_DESKTOP_ACCESS': 매크로 재정의
  c:\program files (x86)\windows kits\10\include\10.0.14393.0\shared\winerror.h(52418): note: 'DXGI_STATUS_NO_DESKTOP_ACCESS'의 이전 정의를 참조하십시오.
c:\program files (x86)\microsoft directx sdk (june 2010)\include\dxgitype.h(16): warning C4005: 'DXGI_STATUS_GRAPHICS_VIDPN_SOURCE_IN_USE': 매크로 재정의
  c:\program files (x86)\windows kits\10\include\10.0.14393.0\shared\winerror.h(52427): note: 'DXGI_STATUS_GRAPHICS_VIDPN_SOURCE_IN_USE'의 이전 정의를 참조하십시오.
c:\program files (x86)\microsoft directx sdk (june 2010)\include\dxgitype.h(17): warning C4005: 'DXGI_STATUS_MODE_CHANGED': 매크로 재정의
  c:\program files (x86)\windows kits\10\include\10.0.14393.0\shared\winerror.h(52436): note: 'DXGI_STATUS_MODE_CHANGED'의 이전 정의를 참조하십시오.
c:\program files (x86)\microsoft directx sdk (june 2010)\include\dxgitype.h(18): warning C4005: 'DXGI_STATUS_MODE_CHANGE_IN_PROGRESS': 매크로 재정의
  c:\program files (x86)\windows kits\10\include\10.0.14393.0\shared\winerror.h(52445): note: 'DXGI_STATUS_MODE_CHANGE_IN_PROGRESS'의 이전 정의를 참조하십시오.
c:\program files (x86)\microsoft directx sdk (june 2010)\include\dxgitype.h(21): warning C4005: 'DXGI_ERROR_INVALID_CALL': 매크로 재정의
  c:\program files (x86)\windows kits\10\include\10.0.14393.0\shared\winerror.h(52460): note: 'DXGI_ERROR_INVALID_CALL'의 이전 정의를 참조하십시오.
c:\program files (x86)\microsoft directx sdk (june 2010)\include\dxgitype.h(22): warning C4005: 'DXGI_ERROR_NOT_FOUND': 매크로 재정의
  c:\program files (x86)\windows kits\10\include\10.0.14393.0\shared\winerror.h(52469): note: 'DXGI_ERROR_NOT_FOUND'의 이전 정의를 참조하십시오.
c:\program files (x86)\microsoft directx sdk (june 2010)\include\dxgitype.h(23): warning C4005: 'DXGI_ERROR_MORE_DATA': 매크로 재정의
  c:\program files (x86)\windows kits\10\include\10.0.14393.0\shared\winerror.h(52478): note: 'DXGI_ERROR_MORE_DATA'의 이전 정의를 참조하십시오.
c:\program files (x86)\microsoft directx sdk (june 2010)\include\dxgitype.h(24): warning C4005: 'DXGI_ERROR_UNSUPPORTED': 매크로 재정의
  c:\program files (x86)\windows kits\10\include\10.0.14393.0\shared\winerror.h(52487): note: 'DXGI_ERROR_UNSUPPORTED'의 이전 정의를 참조하십시오.
c:\program files (x86)\microsoft directx sdk (june 2010)\include\dxgitype.h(25): warning C4005: 'DXGI_ERROR_DEVICE_REMOVED': 매크로 재정의
  c:\program files (x86)\windows kits\10\include\10.0.14393.0\shared\winerror.h(52496): note: 'DXGI_ERROR_DEVICE_REMOVED'의 이전 정의를 참조하십시오.
c:\program files (x86)\microsoft directx sdk (june 2010)\include\dxgitype.h(26): warning C4005: 'DXGI_ERROR_DEVICE_HUNG': 매크로 재정의
  c:\program files (x86)\windows kits\10\include\10.0.14393.0\shared\winerror.h(52505): note: 'DXGI_ERROR_DEVICE_HUNG'의 이전 정의를 참조하십시오.
c:\program files (x86)\microsoft directx sdk (june 2010)\include\dxgitype.h(27): warning C4005: 'DXGI_ERROR_DEVICE_RESET': 매크로 재정의
  c:\program files (x86)\windows kits\10\include\10.0.14393.0\shared\winerror.h(52515): note: 'DXGI_ERROR_DEVICE_RESET'의 이전 정의를 참조하십시오.
c:\program files (x86)\microsoft directx sdk (june 2010)\include\dxgitype.h(28): warning C4005: 'DXGI_ERROR_WAS_STILL_DRAWING': 매크로 재정의
  c:\program files (x86)\windows kits\10\include\10.0.14393.0\shared\winerror.h(52524): note: 'DXGI_ERROR_WAS_STILL_DRAWING'의 이전 정의를 참조하십시오.
c:\program files (x86)\microsoft directx sdk (june 2010)\include\dxgitype.h(29): warning C4005: 'DXGI_ERROR_FRAME_STATISTICS_DISJOINT': 매크로 재정의
  c:\program files (x86)\windows kits\10\include\10.0.14393.0\shared\winerror.h(52534): note: 'DXGI_ERROR_FRAME_STATISTICS_DISJOINT'의 이전 정의를 참조하십시오.
c:\program files (x86)\microsoft directx sdk (june 2010)\include\dxgitype.h(30): warning C4005: 'DXGI_ERROR_GRAPHICS_VIDPN_SOURCE_IN_USE': 매크로 재정의
  c:\program files (x86)\windows kits\10\include\10.0.14393.0\shared\winerror.h(52543): note: 'DXGI_ERROR_GRAPHICS_VIDPN_SOURCE_IN_USE'의 이전 정의를 참조하십시오.
c:\program files (x86)\microsoft directx sdk (june 2010)\include\dxgitype.h(31): warning C4005: 'DXGI_ERROR_DRIVER_INTERNAL_ERROR': 매크로 재정의
  c:\program files (x86)\windows kits\10\include\10.0.14393.0\shared\winerror.h(52553): note: 'DXGI_ERROR_DRIVER_INTERNAL_ERROR'의 이전 정의를 참조하십시오.
c:\program files (x86)\microsoft directx sdk (june 2010)\include\dxgitype.h(32): warning C4005: 'DXGI_ERROR_NONEXCLUSIVE': 매크로 재정의
  c:\program files (x86)\windows kits\10\include\10.0.14393.0\shared\winerror.h(52562): note: 'DXGI_ERROR_NONEXCLUSIVE'의 이전 정의를 참조하십시오.
c:\program files (x86)\microsoft directx sdk (june 2010)\include\dxgitype.h(33): warning C4005: 'DXGI_ERROR_NOT_CURRENTLY_AVAILABLE': 매크로 재정의
  c:\program files (x86)\windows kits\10\include\10.0.14393.0\shared\winerror.h(52571): note: 'DXGI_ERROR_NOT_CURRENTLY_AVAILABLE'의 이전 정의를 참조하십시오.
c:\program files (x86)\microsoft directx sdk (june 2010)\include\dxgitype.h(34): warning C4005: 'DXGI_ERROR_REMOTE_CLIENT_DISCONNECTED': 매크로 재정의
  c:\program files (x86)\windows kits\10\include\10.0.14393.0\shared\winerror.h(52581): note: 'DXGI_ERROR_REMOTE_CLIENT_DISCONNECTED'의 이전 정의를 참조하십시오.
c:\program files (x86)\microsoft directx sdk (june 2010)\include\dxgitype.h(35): warning C4005: 'DXGI_ERROR_REMOTE_OUTOFMEMORY': 매크로 재정의
  c:\program files (x86)\windows kits\10\include\10.0.14393.0\shared\winerror.h(52590): note: 'DXGI_ERROR_REMOTE_OUTOFMEMORY'의 이전 정의를 참조하십시오.
c:\program files (x86)\microsoft directx sdk (june 2010)\include\d3d11.h(917): warning C4005: 'D3D11_ERROR_TOO_MANY_UNIQUE_STATE_OBJECTS': 매크로 재정의
  c:\program files (x86)\windows kits\10\include\10.0.14393.0\shared\winerror.h(52795): note: 'D3D11_ERROR_TOO_MANY_UNIQUE_STATE_OBJECTS'의 이전 정의를 참조하십시오.
c:\program files (x86)\microsoft directx sdk (june 2010)\include\d3d11.h(918): warning C4005: 'D3D11_ERROR_FILE_NOT_FOUND': 매크로 재정의
  c:\program files (x86)\windows kits\10\include\10.0.14393.0\shared\winerror.h(52804): note: 'D3D11_ERROR_FILE_NOT_FOUND'의 이전 정의를 참조하십시오.
c:\program files (x86)\microsoft directx sdk (june 2010)\include\d3d11.h(919): warning C4005: 'D3D11_ERROR_TOO_MANY_UNIQUE_VIEW_OBJECTS': 매크로 재정의
  c:\program files (x86)\windows kits\10\include\10.0.14393.0\shared\winerror.h(52814): note: 'D3D11_ERROR_TOO_MANY_UNIQUE_VIEW_OBJECTS'의 이전 정의를 참조하십시오.
c:\program files (x86)\microsoft directx sdk (june 2010)\include\d3d11.h(920): warning C4005: 'D3D11_ERROR_DEFERRED_CONTEXT_MAP_WITHOUT_INITIAL_DISCARD': 매크로 재정의
  c:\program files (x86)\windows kits\10\include\10.0.14393.0\shared\winerror.h(52823): note: 'D3D11_ERROR_DEFERRED_CONTEXT_MAP_WITHOUT_INITIAL_DISCARD'의 이전 정의를 참조하십시오.
c:\program files (x86)\microsoft directx sdk (june 2010)\include\d3d10.h(608): warning C4005: 'D3D10_ERROR_TOO_MANY_UNIQUE_STATE_OBJECTS': 매크로 재정의
  c:\program files (x86)\windows kits\10\include\10.0.14393.0\shared\winerror.h(52771): note: 'D3D10_ERROR_TOO_MANY_UNIQUE_STATE_OBJECTS'의 이전 정의를 참조하십시오.
c:\program files (x86)\microsoft directx sdk (june 2010)\include\d3d10.h(609): warning C4005: 'D3D10_ERROR_FILE_NOT_FOUND': 매크로 재정의
  c:\program files (x86)\windows kits\10\include\10.0.14393.0\shared\winerror.h(52780): note: 'D3D10_ERROR_FILE_NOT_FOUND'의 이전 정의를 참조하십시오.
d:\programing\visualstudioprojects\directxproject\directxproject\soundmanager.cpp(30): warning C4305: '인수': 'double'에서 'float'(으)로 잘립니다.
  Scene.cpp
c:\program files (x86)\microsoft directx sdk (june 2010)\include\dxgitype.h(12): warning C4005: 'DXGI_STATUS_OCCLUDED': 매크로 재정의
  c:\program files (x86)\windows kits\10\include\10.0.14393.0\shared\winerror.h(52391): note: 'DXGI_STATUS_OCCLUDED'의 이전 정의를 참조하십시오.
c:\program files (x86)\microsoft directx sdk (june 2010)\include\dxgitype.h(13): warning C4005: 'DXGI_STATUS_CLIPPED': 매크로 재정의
  c:\program files (x86)\windows kits\10\include\10.0.14393.0\shared\winerror.h(52400): note: 'DXGI_STATUS_CLIPPED'의 이전 정의를 참조하십시오.
c:\program files (x86)\microsoft directx sdk (june 2010)\include\dxgitype.h(14): warning C4005: 'DXGI_STATUS_NO_REDIRECTION': 매크로 재정의
  c:\program files (x86)\windows kits\10\include\10.0.14393.0\shared\winerror.h(52409): note: 'DXGI_STATUS_NO_REDIRECTION'의 이전 정의를 참조하십시오.
c:\program files (x86)\microsoft directx sdk (june 2010)\include\dxgitype.h(15): warning C4005: 'DXGI_STATUS_NO_DESKTOP_ACCESS': 매크로 재정의
  c:\program files (x86)\windows kits\10\include\10.0.14393.0\shared\winerror.h(52418): note: 'DXGI_STATUS_NO_DESKTOP_ACCESS'의 이전 정의를 참조하십시오.
c:\program files (x86)\microsoft directx sdk (june 2010)\include\dxgitype.h(16): warning C4005: 'DXGI_STATUS_GRAPHICS_VIDPN_SOURCE_IN_USE': 매크로 재정의
  c:\program files (x86)\windows kits\10\include\10.0.14393.0\shared\winerror.h(52427): note: 'DXGI_STATUS_GRAPHICS_VIDPN_SOURCE_IN_USE'의 이전 정의를 참조하십시오.
c:\program files (x86)\microsoft directx sdk (june 2010)\include\dxgitype.h(17): warning C4005: 'DXGI_STATUS_MODE_CHANGED': 매크로 재정의
  c:\program files (x86)\windows kits\10\include\10.0.14393.0\shared\winerror.h(52436): note: 'DXGI_STATUS_MODE_CHANGED'의 이전 정의를 참조하십시오.
c:\program files (x86)\microsoft directx sdk (june 2010)\include\dxgitype.h(18): warning C4005: 'DXGI_STATUS_MODE_CHANGE_IN_PROGRESS': 매크로 재정의
  c:\program files (x86)\windows kits\10\include\10.0.14393.0\shared\winerror.h(52445): note: 'DXGI_STATUS_MODE_CHANGE_IN_PROGRESS'의 이전 정의를 참조하십시오.
c:\program files (x86)\microsoft directx sdk (june 2010)\include\dxgitype.h(21): warning C4005: 'DXGI_ERROR_INVALID_CALL': 매크로 재정의
  c:\program files (x86)\windows kits\10\include\10.0.14393.0\shared\winerror.h(52460): note: 'DXGI_ERROR_INVALID_CALL'의 이전 정의를 참조하십시오.
c:\program files (x86)\microsoft directx sdk (june 2010)\include\dxgitype.h(22): warning C4005: 'DXGI_ERROR_NOT_FOUND': 매크로 재정의
  c:\program files (x86)\windows kits\10\include\10.0.14393.0\shared\winerror.h(52469): note: 'DXGI_ERROR_NOT_FOUND'의 이전 정의를 참조하십시오.
c:\program files (x86)\microsoft directx sdk (june 2010)\include\dxgitype.h(23): warning C4005: 'DXGI_ERROR_MORE_DATA': 매크로 재정의
  c:\program files (x86)\windows kits\10\include\10.0.14393.0\shared\winerror.h(52478): note: 'DXGI_ERROR_MORE_DATA'의 이전 정의를 참조하십시오.
c:\program files (x86)\microsoft directx sdk (june 2010)\include\dxgitype.h(24): warning C4005: 'DXGI_ERROR_UNSUPPORTED': 매크로 재정의
  c:\program files (x86)\windows kits\10\include\10.0.14393.0\shared\winerror.h(52487): note: 'DXGI_ERROR_UNSUPPORTED'의 이전 정의를 참조하십시오.
c:\program files (x86)\microsoft directx sdk (june 2010)\include\dxgitype.h(25): warning C4005: 'DXGI_ERROR_DEVICE_REMOVED': 매크로 재정의
  c:\program files (x86)\windows kits\10\include\10.0.14393.0\shared\winerror.h(52496): note: 'DXGI_ERROR_DEVICE_REMOVED'의 이전 정의를 참조하십시오.
c:\program files (x86)\microsoft directx sdk (june 2010)\include\dxgitype.h(26): warning C4005: 'DXGI_ERROR_DEVICE_HUNG': 매크로 재정의
  c:\program files (x86)\windows kits\10\include\10.0.14393.0\shared\winerror.h(52505): note: 'DXGI_ERROR_DEVICE_HUNG'의 이전 정의를 참조하십시오.
c:\program files (x86)\microsoft directx sdk (june 2010)\include\dxgitype.h(27): warning C4005: 'DXGI_ERROR_DEVICE_RESET': 매크로 재정의
  c:\program files (x86)\windows kits\10\include\10.0.14393.0\shared\winerror.h(52515): note: 'DXGI_ERROR_DEVICE_RESET'의 이전 정의를 참조하십시오.
c:\program files (x86)\microsoft directx sdk (june 2010)\include\dxgitype.h(28): warning C4005: 'DXGI_ERROR_WAS_STILL_DRAWING': 매크로 재정의
  c:\program files (x86)\windows kits\10\include\10.0.14393.0\shared\winerror.h(52524): note: 'DXGI_ERROR_WAS_STILL_DRAWING'의 이전 정의를 참조하십시오.
c:\program files (x86)\microsoft directx sdk (june 2010)\include\dxgitype.h(29): warning C4005: 'DXGI_ERROR_FRAME_STATISTICS_DISJOINT': 매크로 재정의
  c:\program files (x86)\windows kits\10\include\10.0.14393.0\shared\winerror.h(52534): note: 'DXGI_ERROR_FRAME_STATISTICS_DISJOINT'의 이전 정의를 참조하십시오.
c:\program files (x86)\microsoft directx sdk (june 2010)\include\dxgitype.h(30): warning C4005: 'DXGI_ERROR_GRAPHICS_VIDPN_SOURCE_IN_USE': 매크로 재정의
  c:\program files (x86)\windows kits\10\include\10.0.14393.0\shared\winerror.h(52543): note: 'DXGI_ERROR_GRAPHICS_VIDPN_SOURCE_IN_USE'의 이전 정의를 참조하십시오.
c:\program files (x86)\microsoft directx sdk (june 2010)\include\dxgitype.h(31): warning C4005: 'DXGI_ERROR_DRIVER_INTERNAL_ERROR': 매크로 재정의
  c:\program files (x86)\windows kits\10\include\10.0.14393.0\shared\winerror.h(52553): note: 'DXGI_ERROR_DRIVER_INTERNAL_ERROR'의 이전 정의를 참조하십시오.
c:\program files (x86)\microsoft directx sdk (june 2010)\include\dxgitype.h(32): warning C4005: 'DXGI_ERROR_NONEXCLUSIVE': 매크로 재정의
  c:\program files (x86)\windows kits\10\include\10.0.14393.0\shared\winerror.h(52562): note: 'DXGI_ERROR_NONEXCLUSIVE'의 이전 정의를 참조하십시오.
c:\program files (x86)\microsoft directx sdk (june 2010)\include\dxgitype.h(33): warning C4005: 'DXGI_ERROR_NOT_CURRENTLY_AVAILABLE': 매크로 재정의
  c:\program files (x86)\windows kits\10\include\10.0.14393.0\shared\winerror.h(52571): note: 'DXGI_ERROR_NOT_CURRENTLY_AVAILABLE'의 이전 정의를 참조하십시오.
c:\program files (x86)\microsoft directx sdk (june 2010)\include\dxgitype.h(34): warning C4005: 'DXGI_ERROR_REMOTE_CLIENT_DISCONNECTED': 매크로 재정의
  c:\program files (x86)\windows kits\10\include\10.0.14393.0\shared\winerror.h(52581): note: 'DXGI_ERROR_REMOTE_CLIENT_DISCONNECTED'의 이전 정의를 참조하십시오.
c:\program files (x86)\microsoft directx sdk (june 2010)\include\dxgitype.h(35): warning C4005: 'DXGI_ERROR_REMOTE_OUTOFMEMORY': 매크로 재정의
  c:\program files (x86)\windows kits\10\include\10.0.14393.0\shared\winerror.h(52590): note: 'DXGI_ERROR_REMOTE_OUTOFMEMORY'의 이전 정의를 참조하십시오.
c:\program files (x86)\microsoft directx sdk (june 2010)\include\d3d11.h(917): warning C4005: 'D3D11_ERROR_TOO_MANY_UNIQUE_STATE_OBJECTS': 매크로 재정의
  c:\program files (x86)\windows kits\10\include\10.0.14393.0\shared\winerror.h(52795): note: 'D3D11_ERROR_TOO_MANY_UNIQUE_STATE_OBJECTS'의 이전 정의를 참조하십시오.
c:\program files (x86)\microsoft directx sdk (june 2010)\include\d3d11.h(918): warning C4005: 'D3D11_ERROR_FILE_NOT_FOUND': 매크로 재정의
  c:\program files (x86)\windows kits\10\include\10.0.14393.0\shared\winerror.h(52804): note: 'D3D11_ERROR_FILE_NOT_FOUND'의 이전 정의를 참조하십시오.
c:\program files (x86)\microsoft directx sdk (june 2010)\include\d3d11.h(919): warning C4005: 'D3D11_ERROR_TOO_MANY_UNIQUE_VIEW_OBJECTS': 매크로 재정의
  c:\program files (x86)\windows kits\10\include\10.0.14393.0\shared\winerror.h(52814): note: 'D3D11_ERROR_TOO_MANY_UNIQUE_VIEW_OBJECTS'의 이전 정의를 참조하십시오.
c:\program files (x86)\microsoft directx sdk (june 2010)\include\d3d11.h(920): warning C4005: 'D3D11_ERROR_DEFERRED_CONTEXT_MAP_WITHOUT_INITIAL_DISCARD': 매크로 재정의
  c:\program files (x86)\windows kits\10\include\10.0.14393.0\shared\winerror.h(52823): note: 'D3D11_ERROR_DEFERRED_CONTEXT_MAP_WITHOUT_INITIAL_DISCARD'의 이전 정의를 참조하십시오.
c:\program files (x86)\microsoft directx sdk (june 2010)\include\d3d10.h(608): warning C4005: 'D3D10_ERROR_TOO_MANY_UNIQUE_STATE_OBJECTS': 매크로 재정의
  c:\program files (x86)\windows kits\10\include\10.0.14393.0\shared\winerror.h(52771): note: 'D3D10_ERROR_TOO_MANY_UNIQUE_STATE_OBJECTS'의 이전 정의를 참조하십시오.
c:\program files (x86)\microsoft directx sdk (june 2010)\include\d3d10.h(609): warning C4005: 'D3D10_ERROR_FILE_NOT_FOUND': 매크로 재정의
  c:\program files (x86)\windows kits\10\include\10.0.14393.0\shared\winerror.h(52780): note: 'D3D10_ERROR_FILE_NOT_FOUND'의 이전 정의를 참조하십시오.
  maincpp.cpp
c:\program files (x86)\microsoft directx sdk (june 2010)\include\dxgitype.h(12): warning C4005: 'DXGI_STATUS_OCCLUDED': 매크로 재정의
  c:\program files (x86)\windows kits\10\include\10.0.14393.0\shared\winerror.h(52391): note: 'DXGI_STATUS_OCCLUDED'의 이전 정의를 참조하십시오.
c:\program files (x86)\microsoft directx sdk (june 2010)\include\dxgitype.h(13): warning C4005: 'DXGI_STATUS_CLIPPED': 매크로 재정의
  c:\program files (x86)\windows kits\10\include\10.0.14393.0\shared\winerror.h(52400): note: 'DXGI_STATUS_CLIPPED'의 이전 정의를 참조하십시오.
c:\program files (x86)\microsoft directx sdk (june 2010)\include\dxgitype.h(14): warning C4005: 'DXGI_STATUS_NO_REDIRECTION': 매크로 재정의
  c:\program files (x86)\windows kits\10\include\10.0.14393.0\shared\winerror.h(52409): note: 'DXGI_STATUS_NO_REDIRECTION'의 이전 정의를 참조하십시오.
c:\program files (x86)\microsoft directx sdk (june 2010)\include\dxgitype.h(15): warning C4005: 'DXGI_STATUS_NO_DESKTOP_ACCESS': 매크로 재정의
  c:\program files (x86)\windows kits\10\include\10.0.14393.0\shared\winerror.h(52418): note: 'DXGI_STATUS_NO_DESKTOP_ACCESS'의 이전 정의를 참조하십시오.
c:\program files (x86)\microsoft directx sdk (june 2010)\include\dxgitype.h(16): warning C4005: 'DXGI_STATUS_GRAPHICS_VIDPN_SOURCE_IN_USE': 매크로 재정의
  c:\program files (x86)\windows kits\10\include\10.0.14393.0\shared\winerror.h(52427): note: 'DXGI_STATUS_GRAPHICS_VIDPN_SOURCE_IN_USE'의 이전 정의를 참조하십시오.
c:\program files (x86)\microsoft directx sdk (june 2010)\include\dxgitype.h(17): warning C4005: 'DXGI_STATUS_MODE_CHANGED': 매크로 재정의
  c:\program files (x86)\windows kits\10\include\10.0.14393.0\shared\winerror.h(52436): note: 'DXGI_STATUS_MODE_CHANGED'의 이전 정의를 참조하십시오.
c:\program files (x86)\microsoft directx sdk (june 2010)\include\dxgitype.h(18): warning C4005: 'DXGI_STATUS_MODE_CHANGE_IN_PROGRESS': 매크로 재정의
  c:\program files (x86)\windows kits\10\include\10.0.14393.0\shared\winerror.h(52445): note: 'DXGI_STATUS_MODE_CHANGE_IN_PROGRESS'의 이전 정의를 참조하십시오.
c:\program files (x86)\microsoft directx sdk (june 2010)\include\dxgitype.h(21): warning C4005: 'DXGI_ERROR_INVALID_CALL': 매크로 재정의
  c:\program files (x86)\windows kits\10\include\10.0.14393.0\shared\winerror.h(52460): note: 'DXGI_ERROR_INVALID_CALL'의 이전 정의를 참조하십시오.
c:\program files (x86)\microsoft directx sdk (june 2010)\include\dxgitype.h(22): warning C4005: 'DXGI_ERROR_NOT_FOUND': 매크로 재정의
  c:\program files (x86)\windows kits\10\include\10.0.14393.0\shared\winerror.h(52469): note: 'DXGI_ERROR_NOT_FOUND'의 이전 정의를 참조하십시오.
c:\program files (x86)\microsoft directx sdk (june 2010)\include\dxgitype.h(23): warning C4005: 'DXGI_ERROR_MORE_DATA': 매크로 재정의
  c:\program files (x86)\windows kits\10\include\10.0.14393.0\shared\winerror.h(52478): note: 'DXGI_ERROR_MORE_DATA'의 이전 정의를 참조하십시오.
c:\program files (x86)\microsoft directx sdk (june 2010)\include\dxgitype.h(24): warning C4005: 'DXGI_ERROR_UNSUPPORTED': 매크로 재정의
  c:\program files (x86)\windows kits\10\include\10.0.14393.0\shared\winerror.h(52487): note: 'DXGI_ERROR_UNSUPPORTED'의 이전 정의를 참조하십시오.
c:\program files (x86)\microsoft directx sdk (june 2010)\include\dxgitype.h(25): warning C4005: 'DXGI_ERROR_DEVICE_REMOVED': 매크로 재정의
  c:\program files (x86)\windows kits\10\include\10.0.14393.0\shared\winerror.h(52496): note: 'DXGI_ERROR_DEVICE_REMOVED'의 이전 정의를 참조하십시오.
c:\program files (x86)\microsoft directx sdk (june 2010)\include\dxgitype.h(26): warning C4005: 'DXGI_ERROR_DEVICE_HUNG': 매크로 재정의
  c:\program files (x86)\windows kits\10\include\10.0.14393.0\shared\winerror.h(52505): note: 'DXGI_ERROR_DEVICE_HUNG'의 이전 정의를 참조하십시오.
c:\program files (x86)\microsoft directx sdk (june 2010)\include\dxgitype.h(27): warning C4005: 'DXGI_ERROR_DEVICE_RESET': 매크로 재정의
  c:\program files (x86)\windows kits\10\include\10.0.14393.0\shared\winerror.h(52515): note: 'DXGI_ERROR_DEVICE_RESET'의 이전 정의를 참조하십시오.
c:\program files (x86)\microsoft directx sdk (june 2010)\include\dxgitype.h(28): warning C4005: 'DXGI_ERROR_WAS_STILL_DRAWING': 매크로 재정의
  c:\program files (x86)\windows kits\10\include\10.0.14393.0\shared\winerror.h(52524): note: 'DXGI_ERROR_WAS_STILL_DRAWING'의 이전 정의를 참조하십시오.
c:\program files (x86)\microsoft directx sdk (june 2010)\include\dxgitype.h(29): warning C4005: 'DXGI_ERROR_FRAME_STATISTICS_DISJOINT': 매크로 재정의
  c:\program files (x86)\windows kits\10\include\10.0.14393.0\shared\winerror.h(52534): note: 'DXGI_ERROR_FRAME_STATISTICS_DISJOINT'의 이전 정의를 참조하십시오.
c:\program files (x86)\microsoft directx sdk (june 2010)\include\dxgitype.h(30): warning C4005: 'DXGI_ERROR_GRAPHICS_VIDPN_SOURCE_IN_USE': 매크로 재정의
  c:\program files (x86)\windows kits\10\include\10.0.14393.0\shared\winerror.h(52543): note: 'DXGI_ERROR_GRAPHICS_VIDPN_SOURCE_IN_USE'의 이전 정의를 참조하십시오.
c:\program files (x86)\microsoft directx sdk (june 2010)\include\dxgitype.h(31): warning C4005: 'DXGI_ERROR_DRIVER_INTERNAL_ERROR': 매크로 재정의
  c:\program files (x86)\windows kits\10\include\10.0.14393.0\shared\winerror.h(52553): note: 'DXGI_ERROR_DRIVER_INTERNAL_ERROR'의 이전 정의를 참조하십시오.
c:\program files (x86)\microsoft directx sdk (june 2010)\include\dxgitype.h(32): warning C4005: 'DXGI_ERROR_NONEXCLUSIVE': 매크로 재정의
  c:\program files (x86)\windows kits\10\include\10.0.14393.0\shared\winerror.h(52562): note: 'DXGI_ERROR_NONEXCLUSIVE'의 이전 정의를 참조하십시오.
c:\program files (x86)\microsoft directx sdk (june 2010)\include\dxgitype.h(33): warning C4005: 'DXGI_ERROR_NOT_CURRENTLY_AVAILABLE': 매크로 재정의
  c:\program files (x86)\windows kits\10\include\10.0.14393.0\shared\winerror.h(52571): note: 'DXGI_ERROR_NOT_CURRENTLY_AVAILABLE'의 이전 정의를 참조하십시오.
c:\program files (x86)\microsoft directx sdk (june 2010)\include\dxgitype.h(34): warning C4005: 'DXGI_ERROR_REMOTE_CLIENT_DISCONNECTED': 매크로 재정의
  c:\program files (x86)\windows kits\10\include\10.0.14393.0\shared\winerror.h(52581): note: 'DXGI_ERROR_REMOTE_CLIENT_DISCONNECTED'의 이전 정의를 참조하십시오.
c:\program files (x86)\microsoft directx sdk (june 2010)\include\dxgitype.h(35): warning C4005: 'DXGI_ERROR_REMOTE_OUTOFMEMORY': 매크로 재정의
  c:\program files (x86)\windows kits\10\include\10.0.14393.0\shared\winerror.h(52590): note: 'DXGI_ERROR_REMOTE_OUTOFMEMORY'의 이전 정의를 참조하십시오.
c:\program files (x86)\microsoft directx sdk (june 2010)\include\d3d11.h(917): warning C4005: 'D3D11_ERROR_TOO_MANY_UNIQUE_STATE_OBJECTS': 매크로 재정의
  c:\program files (x86)\windows kits\10\include\10.0.14393.0\shared\winerror.h(52795): note: 'D3D11_ERROR_TOO_MANY_UNIQUE_STATE_OBJECTS'의 이전 정의를 참조하십시오.
c:\program files (x86)\microsoft directx sdk (june 2010)\include\d3d11.h(918): warning C4005: 'D3D11_ERROR_FILE_NOT_FOUND': 매크로 재정의
  c:\program files (x86)\windows kits\10\include\10.0.14393.0\shared\winerror.h(52804): note: 'D3D11_ERROR_FILE_NOT_FOUND'의 이전 정의를 참조하십시오.
c:\program files (x86)\microsoft directx sdk (june 2010)\include\d3d11.h(919): warning C4005: 'D3D11_ERROR_TOO_MANY_UNIQUE_VIEW_OBJECTS': 매크로 재정의
  c:\program files (x86)\windows kits\10\include\10.0.14393.0\shared\winerror.h(52814): note: 'D3D11_ERROR_TOO_MANY_UNIQUE_VIEW_OBJECTS'의 이전 정의를 참조하십시오.
c:\program files (x86)\microsoft directx sdk (june 2010)\include\d3d11.h(920): warning C4005: 'D3D11_ERROR_DEFERRED_CONTEXT_MAP_WITHOUT_INITIAL_DISCARD': 매크로 재정의
  c:\program files (x86)\windows kits\10\include\10.0.14393.0\shared\winerror.h(52823): note: 'D3D11_ERROR_DEFERRED_CONTEXT_MAP_WITHOUT_INITIAL_DISCARD'의 이전 정의를 참조하십시오.
c:\program files (x86)\microsoft directx sdk (june 2010)\include\d3d10.h(608): warning C4005: 'D3D10_ERROR_TOO_MANY_UNIQUE_STATE_OBJECTS': 매크로 재정의
  c:\program files (x86)\windows kits\10\include\10.0.14393.0\shared\winerror.h(52771): note: 'D3D10_ERROR_TOO_MANY_UNIQUE_STATE_OBJECTS'의 이전 정의를 참조하십시오.
c:\program files (x86)\microsoft directx sdk (june 2010)\include\d3d10.h(609): warning C4005: 'D3D10_ERROR_FILE_NOT_FOUND': 매크로 재정의
  c:\program files (x86)\windows kits\10\include\10.0.14393.0\shared\winerror.h(52780): note: 'D3D10_ERROR_FILE_NOT_FOUND'의 이전 정의를 참조하십시오.
  LobbyScene.cpp
c:\program files (x86)\microsoft directx sdk (june 2010)\include\dxgitype.h(12): warning C4005: 'DXGI_STATUS_OCCLUDED': 매크로 재정의
  c:\program files (x86)\windows kits\10\include\10.0.14393.0\shared\winerror.h(52391): note: 'DXGI_STATUS_OCCLUDED'의 이전 정의를 참조하십시오.
c:\program files (x86)\microsoft directx sdk (june 2010)\include\dxgitype.h(13): warning C4005: 'DXGI_STATUS_CLIPPED': 매크로 재정의
  c:\program files (x86)\windows kits\10\include\10.0.14393.0\shared\winerror.h(52400): note: 'DXGI_STATUS_CLIPPED'의 이전 정의를 참조하십시오.
c:\program files (x86)\microsoft directx sdk (june 2010)\include\dxgitype.h(14): warning C4005: 'DXGI_STATUS_NO_REDIRECTION': 매크로 재정의
  c:\program files (x86)\windows kits\10\include\10.0.14393.0\shared\winerror.h(52409): note: 'DXGI_STATUS_NO_REDIRECTION'의 이전 정의를 참조하십시오.
c:\program files (x86)\microsoft directx sdk (june 2010)\include\dxgitype.h(15): warning C4005: 'DXGI_STATUS_NO_DESKTOP_ACCESS': 매크로 재정의
  c:\program files (x86)\windows kits\10\include\10.0.14393.0\shared\winerror.h(52418): note: 'DXGI_STATUS_NO_DESKTOP_ACCESS'의 이전 정의를 참조하십시오.
c:\program files (x86)\microsoft directx sdk (june 2010)\include\dxgitype.h(16): warning C4005: 'DXGI_STATUS_GRAPHICS_VIDPN_SOURCE_IN_USE': 매크로 재정의
  c:\program files (x86)\windows kits\10\include\10.0.14393.0\shared\winerror.h(52427): note: 'DXGI_STATUS_GRAPHICS_VIDPN_SOURCE_IN_USE'의 이전 정의를 참조하십시오.
c:\program files (x86)\microsoft directx sdk (june 2010)\include\dxgitype.h(17): warning C4005: 'DXGI_STATUS_MODE_CHANGED': 매크로 재정의
  c:\program files (x86)\windows kits\10\include\10.0.14393.0\shared\winerror.h(52436): note: 'DXGI_STATUS_MODE_CHANGED'의 이전 정의를 참조하십시오.
c:\program files (x86)\microsoft directx sdk (june 2010)\include\dxgitype.h(18): warning C4005: 'DXGI_STATUS_MODE_CHANGE_IN_PROGRESS': 매크로 재정의
  c:\program files (x86)\windows kits\10\include\10.0.14393.0\shared\winerror.h(52445): note: 'DXGI_STATUS_MODE_CHANGE_IN_PROGRESS'의 이전 정의를 참조하십시오.
c:\program files (x86)\microsoft directx sdk (june 2010)\include\dxgitype.h(21): warning C4005: 'DXGI_ERROR_INVALID_CALL': 매크로 재정의
  c:\program files (x86)\windows kits\10\include\10.0.14393.0\shared\winerror.h(52460): note: 'DXGI_ERROR_INVALID_CALL'의 이전 정의를 참조하십시오.
c:\program files (x86)\microsoft directx sdk (june 2010)\include\dxgitype.h(22): warning C4005: 'DXGI_ERROR_NOT_FOUND': 매크로 재정의
  c:\program files (x86)\windows kits\10\include\10.0.14393.0\shared\winerror.h(52469): note: 'DXGI_ERROR_NOT_FOUND'의 이전 정의를 참조하십시오.
c:\program files (x86)\microsoft directx sdk (june 2010)\include\dxgitype.h(23): warning C4005: 'DXGI_ERROR_MORE_DATA': 매크로 재정의
  c:\program files (x86)\windows kits\10\include\10.0.14393.0\shared\winerror.h(52478): note: 'DXGI_ERROR_MORE_DATA'의 이전 정의를 참조하십시오.
c:\program files (x86)\microsoft directx sdk (june 2010)\include\dxgitype.h(24): warning C4005: 'DXGI_ERROR_UNSUPPORTED': 매크로 재정의
  c:\program files (x86)\windows kits\10\include\10.0.14393.0\shared\winerror.h(52487): note: 'DXGI_ERROR_UNSUPPORTED'의 이전 정의를 참조하십시오.
c:\program files (x86)\microsoft directx sdk (june 2010)\include\dxgitype.h(25): warning C4005: 'DXGI_ERROR_DEVICE_REMOVED': 매크로 재정의
  c:\program files (x86)\windows kits\10\include\10.0.14393.0\shared\winerror.h(52496): note: 'DXGI_ERROR_DEVICE_REMOVED'의 이전 정의를 참조하십시오.
c:\program files (x86)\microsoft directx sdk (june 2010)\include\dxgitype.h(26): warning C4005: 'DXGI_ERROR_DEVICE_HUNG': 매크로 재정의
  c:\program files (x86)\windows kits\10\include\10.0.14393.0\shared\winerror.h(52505): note: 'DXGI_ERROR_DEVICE_HUNG'의 이전 정의를 참조하십시오.
c:\program files (x86)\microsoft directx sdk (june 2010)\include\dxgitype.h(27): warning C4005: 'DXGI_ERROR_DEVICE_RESET': 매크로 재정의
  c:\program files (x86)\windows kits\10\include\10.0.14393.0\shared\winerror.h(52515): note: 'DXGI_ERROR_DEVICE_RESET'의 이전 정의를 참조하십시오.
c:\program files (x86)\microsoft directx sdk (june 2010)\include\dxgitype.h(28): warning C4005: 'DXGI_ERROR_WAS_STILL_DRAWING': 매크로 재정의
  c:\program files (x86)\windows kits\10\include\10.0.14393.0\shared\winerror.h(52524): note: 'DXGI_ERROR_WAS_STILL_DRAWING'의 이전 정의를 참조하십시오.
c:\program files (x86)\microsoft directx sdk (june 2010)\include\dxgitype.h(29): warning C4005: 'DXGI_ERROR_FRAME_STATISTICS_DISJOINT': 매크로 재정의
  c:\program files (x86)\windows kits\10\include\10.0.14393.0\shared\winerror.h(52534): note: 'DXGI_ERROR_FRAME_STATISTICS_DISJOINT'의 이전 정의를 참조하십시오.
c:\program files (x86)\microsoft directx sdk (june 2010)\include\dxgitype.h(30): warning C4005: 'DXGI_ERROR_GRAPHICS_VIDPN_SOURCE_IN_USE': 매크로 재정의
  c:\program files (x86)\windows kits\10\include\10.0.14393.0\shared\winerror.h(52543): note: 'DXGI_ERROR_GRAPHICS_VIDPN_SOURCE_IN_USE'의 이전 정의를 참조하십시오.
c:\program files (x86)\microsoft directx sdk (june 2010)\include\dxgitype.h(31): warning C4005: 'DXGI_ERROR_DRIVER_INTERNAL_ERROR': 매크로 재정의
  c:\program files (x86)\windows kits\10\include\10.0.14393.0\shared\winerror.h(52553): note: 'DXGI_ERROR_DRIVER_INTERNAL_ERROR'의 이전 정의를 참조하십시오.
c:\program files (x86)\microsoft directx sdk (june 2010)\include\dxgitype.h(32): warning C4005: 'DXGI_ERROR_NONEXCLUSIVE': 매크로 재정의
  c:\program files (x86)\windows kits\10\include\10.0.14393.0\shared\winerror.h(52562): note: 'DXGI_ERROR_NONEXCLUSIVE'의 이전 정의를 참조하십시오.
c:\program files (x86)\microsoft directx sdk (june 2010)\include\dxgitype.h(33): warning C4005: 'DXGI_ERROR_NOT_CURRENTLY_AVAILABLE': 매크로 재정의
  c:\program files (x86)\windows kits\10\include\10.0.14393.0\shared\winerror.h(52571): note: 'DXGI_ERROR_NOT_CURRENTLY_AVAILABLE'의 이전 정의를 참조하십시오.
c:\program files (x86)\microsoft directx sdk (june 2010)\include\dxgitype.h(34): warning C4005: 'DXGI_ERROR_REMOTE_CLIENT_DISCONNECTED': 매크로 재정의
  c:\program files (x86)\windows kits\10\include\10.0.14393.0\shared\winerror.h(52581): note: 'DXGI_ERROR_REMOTE_CLIENT_DISCONNECTED'의 이전 정의를 참조하십시오.
c:\program files (x86)\microsoft directx sdk (june 2010)\include\dxgitype.h(35): warning C4005: 'DXGI_ERROR_REMOTE_OUTOFMEMORY': 매크로 재정의
  c:\program files (x86)\windows kits\10\include\10.0.14393.0\shared\winerror.h(52590): note: 'DXGI_ERROR_REMOTE_OUTOFMEMORY'의 이전 정의를 참조하십시오.
c:\program files (x86)\microsoft directx sdk (june 2010)\include\d3d11.h(917): warning C4005: 'D3D11_ERROR_TOO_MANY_UNIQUE_STATE_OBJECTS': 매크로 재정의
  c:\program files (x86)\windows kits\10\include\10.0.14393.0\shared\winerror.h(52795): note: 'D3D11_ERROR_TOO_MANY_UNIQUE_STATE_OBJECTS'의 이전 정의를 참조하십시오.
c:\program files (x86)\microsoft directx sdk (june 2010)\include\d3d11.h(918): warning C4005: 'D3D11_ERROR_FILE_NOT_FOUND': 매크로 재정의
  c:\program files (x86)\windows kits\10\include\10.0.14393.0\shared\winerror.h(52804): note: 'D3D11_ERROR_FILE_NOT_FOUND'의 이전 정의를 참조하십시오.
c:\program files (x86)\microsoft directx sdk (june 2010)\include\d3d11.h(919): warning C4005: 'D3D11_ERROR_TOO_MANY_UNIQUE_VIEW_OBJECTS': 매크로 재정의
  c:\program files (x86)\windows kits\10\include\10.0.14393.0\shared\winerror.h(52814): note: 'D3D11_ERROR_TOO_MANY_UNIQUE_VIEW_OBJECTS'의 이전 정의를 참조하십시오.
c:\program files (x86)\microsoft directx sdk (june 2010)\include\d3d11.h(920): warning C4005: 'D3D11_ERROR_DEFERRED_CONTEXT_MAP_WITHOUT_INITIAL_DISCARD': 매크로 재정의
  c:\program files (x86)\windows kits\10\include\10.0.14393.0\shared\winerror.h(52823): note: 'D3D11_ERROR_DEFERRED_CONTEXT_MAP_WITHOUT_INITIAL_DISCARD'의 이전 정의를 참조하십시오.
c:\program files (x86)\microsoft directx sdk (june 2010)\include\d3d10.h(608): warning C4005: 'D3D10_ERROR_TOO_MANY_UNIQUE_STATE_OBJECTS': 매크로 재정의
  c:\program files (x86)\windows kits\10\include\10.0.14393.0\shared\winerror.h(52771): note: 'D3D10_ERROR_TOO_MANY_UNIQUE_STATE_OBJECTS'의 이전 정의를 참조하십시오.
c:\program files (x86)\microsoft directx sdk (june 2010)\include\d3d10.h(609): warning C4005: 'D3D10_ERROR_FILE_NOT_FOUND': 매크로 재정의
  c:\program files (x86)\windows kits\10\include\10.0.14393.0\shared\winerror.h(52780): note: 'D3D10_ERROR_FILE_NOT_FOUND'의 이전 정의를 참조하십시오.
d:\programing\visualstudioprojects\directxproject\directxproject\lobbyscene.cpp(31): warning C4060: switch문에 'case' 또는 'default' 레이블이 없습니다.
  코드를 생성하고 있습니다...
  DirectXProject.vcxproj -> D:\programing\VisualStudioProjects\DirectXProject\x64\Debug\DirectXProject.exe
  DirectXProject.vcxproj -> D:\programing\VisualStudioProjects\DirectXProject\x64\Debug\DirectXProject.pdb (Partial PDB)
