  stdafx.cpp
  Camera.cpp
  GameFramework.cpp
GameFramework.cpp(158): warning C4244: '인수': 'WPARAM'에서 'DWORD'(으)로 변환하면서 데이터가 손실될 수 있습니다.
  GameObject.cpp
  GameTimer.cpp
  LabProject.cpp
LabProject.cpp(146): warning C4101: 'hdc' :참조되지 않은 지역 변수입니다.
LabProject.cpp(145): warning C4101: 'ps' :참조되지 않은 지역 변수입니다.
LabProject.cpp(144): warning C4101: 'wmEvent' :참조되지 않은 지역 변수입니다.
LabProject.cpp(144): warning C4101: 'wmId' :참조되지 않은 지역 변수입니다.
  Mesh.cpp
  Player.cpp
  Scene.cpp
  Shader.cpp
  코드를 생성하고 있습니다.
  All 552 functions were compiled because no usable IPDB/IOBJ from previous compilation was found.
  코드를 생성했습니다.
  LabProject.vcxproj -> D:\MySource\For_future_2017\3DGamePrograming\3D게임2 과제01(이상기-2013182030)\x64\Release\LabProject.exe
  LabProject.vcxproj -> D:\MySource\For_future_2017\3DGamePrograming\3D게임2 과제01(이상기-2013182030)\x64\Release\LabProject.pdb (Full PDB)
